<?xml version="1.0" encoding="UTF-8"?>
<testsuite xmlns:xsi="http://www.w3.org/2001/XMLSchema-instance" xsi:noNamespaceSchemaLocation="https://maven.apache.org/surefire/maven-surefire-plugin/xsd/surefire-test-report-3.0.xsd" version="3.0" name="com.victor.integration.Phase3EndToEndTest" time="0.235" tests="1" errors="0" skipped="0" failures="0">
  <properties>
[...]
</properties>
  <testcase name="writeReadAndOverwriteEndToEnd" classname="com.victor.integration.Phase3EndToEndTest" time="0.187">
    <system-out><![CDATA[Servidor TCP escutando na porta 43629
GATEWAY ROUTER iniciado no padrão TCP na porta 43629
Servidor TCP escutando na porta 40151
[WORKER] Servidor iniciado na porta 40151
Gateway recebeu: REGISTER|127.0.1.1|40151
[GATEWAY-REGISTRY] Registrado: 127.0.1.1:40151
[GATEWAY] NODES - Workers: 1
[TCP SERVER] [DEBUG] Handler retornou: 'SUCESSO: Registrado.'
[TCP SERVER] [DEBUG] Resposta de 20 bytes enviada
[WORKER] Resposta do registro no Gateway: SUCESSO: Registrado.
Gateway recebeu: WRITE|smoke-key|smoke-value
[WORKER] Recebeu comando: WRITE | key=smoke-key
Write key: smoke-key, value: smoke-value, version: 1
[TCP SERVER] [DEBUG] Handler retornou: 'Written key: smoke-key, value: smoke-value, version: 1'
[TCP SERVER] [DEBUG] Resposta de 54 bytes enviada
[GATEWAY] WRITE roteado para 127.0.1.1:40151
[TCP SERVER] [DEBUG] Handler retornou: 'Written key: smoke-key, value: smoke-value, version: 1'
[TCP SERVER] [DEBUG] Resposta de 54 bytes enviada
Gateway recebeu: READ|smoke-key
[WORKER] Recebeu comando: READ | key=smoke-key
Read key: smoke-key, value: smoke-value, version: 1
[TCP SERVER] [DEBUG] Handler retornou: 'smoke-value | Version: 1 | Timestamp: 1782155177407'
[TCP SERVER] [DEBUG] Resposta de 51 bytes enviada
[GATEWAY] READ roteado para 127.0.1.1:40151
[TCP SERVER] [DEBUG] Handler retornou: 'smoke-value | Version: 1 | Timestamp: 1782155177407'
[TCP SERVER] [DEBUG] Resposta de 51 bytes enviada
Gateway recebeu: WRITE|k|v1
[WORKER] Recebeu comando: WRITE | key=k
Write key: k, value: v1, version: 1
[TCP SERVER] [DEBUG] Handler retornou: 'Written key: k, value: v1, version: 1'
[TCP SERVER] [DEBUG] Resposta de 37 bytes enviada
[GATEWAY] WRITE roteado para 127.0.1.1:40151
[TCP SERVER] [DEBUG] Handler retornou: 'Written key: k, value: v1, version: 1'
[TCP SERVER] [DEBUG] Resposta de 37 bytes enviada
Gateway recebeu: WRITE|k|v2
[WORKER] Recebeu comando: WRITE | key=k
Write key: k, value: v2, version: 2
[TCP SERVER] [DEBUG] Handler retornou: 'Written key: k, value: v2, version: 2'
[TCP SERVER] [DEBUG] Resposta de 37 bytes enviada
[GATEWAY] WRITE roteado para 127.0.1.1:40151
[TCP SERVER] [DEBUG] Handler retornou: 'Written key: k, value: v2, version: 2'
[TCP SERVER] [DEBUG] Resposta de 37 bytes enviada
Gateway recebeu: WRITE|k|v3
[WORKER] Recebeu comando: WRITE | key=k
Write key: k, value: v3, version: 3
[TCP SERVER] [DEBUG] Handler retornou: 'Written key: k, value: v3, version: 3'
[TCP SERVER] [DEBUG] Resposta de 37 bytes enviada
[GATEWAY] WRITE roteado para 127.0.1.1:40151
[TCP SERVER] [DEBUG] Handler retornou: 'Written key: k, value: v3, version: 3'
[TCP SERVER] [DEBUG] Resposta de 37 bytes enviada
Gateway recebeu: READ|k
[WORKER] Recebeu comando: READ | key=k
Read key: k, value: v3, version: 3
[TCP SERVER] [DEBUG] Handler retornou: 'v3 | Version: 3 | Timestamp: 1782155177448'
[TCP SERVER] [DEBUG] Resposta de 42 bytes enviada
[GATEWAY] READ roteado para 127.0.1.1:40151
[TCP SERVER] [DEBUG] Handler retornou: 'v3 | Version: 3 | Timestamp: 1782155177448'
[TCP SERVER] [DEBUG] Resposta de 42 bytes enviada
Servidor TCP parado.
]]></system-out>
  </testcase>
</testsuite>